<?xml version="1.0" encoding="UTF-8"?>
<!-- Generated by org.testng.reporters.JUnitXMLReporter -->
<testsuite hostname="DESKTOP-S2E0FKK" ignored="0" name="Test" tests="6" failures="0" timestamp="23 Nov 2018 05:55:01 GMT" time="12.389" errors="0">
  <testcase name="@BeforeMethod bmethod" time="0.001" classname="com.testCases.Test456">
    <skipped/>
  </testcase> <!-- @BeforeMethod bmethod -->
  <testcase name="@BeforeMethod bmethod" time="0.0" classname="com.testCases.Test456">
    <skipped/>
  </testcase> <!-- @BeforeMethod bmethod -->
  <testcase name="@BeforeMethod bmethod" time="0.0" classname="com.testCases.Test456">
    <skipped/>
  </testcase> <!-- @BeforeMethod bmethod -->
  <testcase name="testcase123" time="4.873" classname="com.testCases.Test123"/>
  <testcase name="testcase123" time="3.531" classname="com.testCases.Test123"/>
  <testcase name="testcase123" time="3.658" classname="com.testCases.Test123"/>
  <testcase name="testcase456" time="0.0" classname="com.testCases.Test456">
    <skipped/>
  </testcase> <!-- testcase456 -->
  <testcase name="testcase456" time="0.0" classname="com.testCases.Test456">
    <skipped/>
  </testcase> <!-- testcase456 -->
  <testcase name="testcase456" time="0.0" classname="com.testCases.Test456">
    <skipped/>
  </testcase> <!-- testcase456 -->
</testsuite> <!-- Test -->
